<?xml version="1.0" encoding="UTF-8"?>
<!-- Generated by org.testng.reporters.JUnitReportReporter -->
<testsuite hostname="MYSHEC348020L" failures="0" tests="1" name="Changs1.Changs1_2.popup" time="102.360" errors="0" timestamp="2021-03-08T13:45:22 IST" skipped="0">
  <testcase classname="Changs1.Changs1_2.popup" name="f" time="102.360"/>
  <system-out/>
</testsuite> <!-- Changs1.Changs1_2.popup -->
