<?xml version="1.0" encoding="UTF-8"?>
<!-- Generated by org.testng.reporters.JUnitReportReporter -->
<testsuite hostname="MYSHEC348020L" failures="0" tests="1" name="Changs1.Changs1_2.dropdown" time="93.359" errors="0" timestamp="2021-03-07T21:26:48 IST" skipped="0">
  <testcase classname="Changs1.Changs1_2.dropdown" name="test" time="93.359"/>
  <system-out/>
</testsuite> <!-- Changs1.Changs1_2.dropdown -->
