<?xml version="1.0" encoding="UTF-8"?>
<!-- Generated by org.testng.reporters.JUnitReportReporter -->
<testsuite hostname="MYSHEC348020L" failures="0" tests="1" name="Changs1.Changs1_2.dragNdrop" time="21.617" errors="0" timestamp="2021-03-08T13:39:45 IST" skipped="0">
  <testcase classname="Changs1.Changs1_2.dragNdrop" name="test" time="21.617"/>
  <system-out/>
</testsuite> <!-- Changs1.Changs1_2.dragNdrop -->
