<?xml version="1.0" encoding="UTF-8"?>
<!-- Generated by org.testng.reporters.JUnitReportReporter -->
<testsuite hostname="MYSHEC348020L" failures="0" tests="2" name="Changs1.Changs1_2.dataProvider" time="0.011" errors="0" timestamp="2021-03-08T15:50:42 IST" skipped="0">
  <testcase classname="Changs1.Changs1_2.dataProvider" name="f" time="0.009"/>
  <system-out/>
  <testcase classname="Changs1.Changs1_2.dataProvider" name="f" time="0.002"/>
  <system-out/>
</testsuite> <!-- Changs1.Changs1_2.dataProvider -->
