<?xml version="1.0" encoding="UTF-8"?>
<!-- Generated by org.testng.reporters.JUnitReportReporter -->
<testsuite hostname="MYSHEC348020L" failures="0" tests="1" name="Changs1.Changs1_2.WindowSize" time="24.411" errors="0" timestamp="2021-03-08T15:11:22 IST" skipped="0">
  <testcase classname="Changs1.Changs1_2.WindowSize" name="f" time="24.411"/>
  <system-out/>
</testsuite> <!-- Changs1.Changs1_2.WindowSize -->
