<?xml version="1.0" encoding="UTF-8"?>
<!-- Generated by org.testng.reporters.JUnitReportReporter -->
<testsuite hostname="MYSHEC348020L" failures="0" tests="1" name="Changs1.Changs1_2.Screenshot" time="7.500" errors="0" timestamp="2021-03-08T16:34:42 IST" skipped="0">
  <testcase classname="Changs1.Changs1_2.Screenshot" name="f" time="7.500"/>
  <system-out/>
</testsuite> <!-- Changs1.Changs1_2.Screenshot -->
