<?xml version="1.0" encoding="UTF-8"?>
<!-- Generated by org.testng.reporters.JUnitReportReporter -->
<testsuite hostname="MYSHEC348020L" failures="0" tests="1" name="Changs1.Changs1_2.ApachePOI" time="0.731" errors="0" timestamp="2021-03-08T16:41:38 IST" skipped="0">
  <testcase classname="Changs1.Changs1_2.ApachePOI" name="f" time="0.731"/>
  <system-out/>
</testsuite> <!-- Changs1.Changs1_2.ApachePOI -->
