<?xml version="1.0" encoding="UTF-8"?>
<!-- Generated by org.testng.reporters.JUnitReportReporter -->
<testsuite hostname="MYSHEC348020L" failures="0" tests="1" name="Changs1.Changs1_2.Demo1" time="106.001" errors="0" timestamp="5 Mar 2021 10:11:23 GMT">
  <testcase classname="Changs1.Changs1_2.Demo1" name="f" time="106.001"/>
</testsuite> <!-- Changs1.Changs1_2.Demo1 -->
